<?xml version="1.0" encoding="UTF-8"?>
<!-- Generated by org.testng.reporters.JUnitReportReporter -->
<testsuite hostname="Vamshi-SurfacePro" failures="0" tests="6" name="Tests.LoginTestNav" time="13.915" errors="0" timestamp="2025-01-11T12:37:43 CST" skipped="0">
  <testcase classname="Tests.LoginTestNav" name="DS_Algo_Sign_in_Page_with_invalid_username_and_password" time="3.383"/>
  <system-out/>
  <testcase classname="Tests.LoginTestNav" name="DS_Algo_Sign_in_Page__with_blank_username" time="4.223"/>
  <system-out/>
  <testcase classname="Tests.LoginTestNav" name="DS_Algo_Sign_in_Page_with_blank_password" time="1.160"/>
  <system-out/>
  <testcase classname="Tests.LoginTestNav" name="DS_Algo_Sign_in_Page_with_blank_info" time="1.386"/>
  <system-out/>
  <testcase classname="Tests.LoginTestNav" name="DS_Algo_Sign_in_Page__with_valid_username_and_Valid_password" time="1.945"/>
  <system-out/>
  <testcase classname="Tests.LoginTestNav" name="DS_Algo_Sign_in_Page_with_valid_username_and_invalid_password" time="1.818"/>
  <system-out/>
</testsuite> <!-- Tests.LoginTestNav -->
