<?xml version="1.0" encoding="UTF-8"?>
<!-- Generated by org.testng.reporters.JUnitReportReporter -->
<testsuite hostname="Vamshi-SurfacePro" failures="0" tests="6" name="Tests.DSIntroductionPage" time="21.251" errors="0" timestamp="2025-01-11T12:32:15 CST" skipped="0">
  <testcase classname="Tests.DSIntroductionPage" name="No_error_message_displayed_for_empty_code_on_try_editor_for_Time_Complexity" time="5.162"/>
  <system-out/>
  <testcase classname="Tests.DSIntroductionPage" name="clicking_on_get_started_for_data_structers_lands_on_Data_Structers_details_page" time="2.312"/>
  <system-out/>
  <testcase classname="Tests.DSIntroductionPage" name="Error_message_displayed_for_invalid_code_on_try_editor_for_Time_Complexity" time="3.675"/>
  <system-out/>
  <testcase classname="Tests.DSIntroductionPage" name="Valid_code_on_try_editor_for_Time_Complexity_runs_successfully" time="4.006"/>
  <system-out/>
  <testcase classname="Tests.DSIntroductionPage" name="Clicking_on_Try_Here_on_time_complexity_opens_python_editor" time="3.503"/>
  <system-out/>
  <testcase classname="Tests.DSIntroductionPage" name="clicking_on_time_complexity_navigate_to_the_page" time="2.593"/>
  <system-out/>
</testsuite> <!-- Tests.DSIntroductionPage -->
