<?xml version="1.0" encoding="UTF-8"?>
<!-- Generated by org.testng.reporters.JUnitReportReporter -->
<testsuite hostname="Vamshi-SurfacePro" failures="0" tests="1" name="Tests.TreeTestCases" time="5.609" errors="0" timestamp="2025-01-11T12:23:46 CST" skipped="0">
  <testcase classname="Tests.TreeTestCases" name="LL_TC_validate_Clicking_Tree_from_Dropdown" time="5.609"/>
  <system-out/>
</testsuite> <!-- Tests.TreeTestCases -->
