<?xml version="1.0" encoding="UTF-8"?>
<!-- Generated by org.testng.reporters.JUnitReportReporter -->
<testsuite hostname="Vamshi-SurfacePro" failures="0" tests="11" name="Tests.GraphHomePage" time="39.246" errors="0" timestamp="2025-01-11T11:28:36 CST" skipped="0">
  <testcase classname="Tests.GraphHomePage" name="Valid_code_on_try_editor_runs_successfully" time="4.007"/>
  <system-out/>
  <testcase classname="Tests.GraphHomePage" name="Validate_user_can_Try_here_link_page_from_graphs" time="5.003"/>
  <system-out/>
  <testcase classname="Tests.GraphHomePage" name="Valid_code_on_try_editor_runs_successfully" time="4.576"/>
  <system-out/>
  <testcase classname="Tests.GraphHomePage" name="Validate_user_can_navigate_to_Graph_in_Graph_page" time="2.386"/>
  <system-out/>
  <testcase classname="Tests.GraphHomePage" name="Error_message_displayed_for_invalid_code_on_try_Editor" time="3.722"/>
  <system-out/>
  <testcase classname="Tests.GraphHomePage" name="No_error_message_displayed_for_empty_code_on_try_editor" time="3.675"/>
  <system-out/>
  <testcase classname="Tests.GraphHomePage" name="No_error_message_displayed_for_empty_code_on_try_editor" time="3.197"/>
  <system-out/>
  <testcase classname="Tests.GraphHomePage" name="Validate_user_can_navigate_to_Graph_Representations_page" time="2.582"/>
  <system-out/>
  <testcase classname="Tests.GraphHomePage" name="Validate_user_can_click_on_Try_here_link_from_graph_representations_page" time="3.527"/>
  <system-out/>
  <testcase classname="Tests.GraphHomePage" name="Error_message_displayed_for_invalid_code_on_try_Editor" time="3.716"/>
  <system-out/>
  <testcase classname="Tests.GraphHomePage" name="Validate_user_navigated_to_graph_details_page_when_clicked_on_get_started" time="2.855"/>
  <system-out/>
</testsuite> <!-- Tests.GraphHomePage -->
