<?xml version="1.0" encoding="UTF-8"?>
<!-- Generated by org.testng.reporters.JUnitReportReporter -->
<testsuite hostname="Vamshi-SurfacePro" failures="0" tests="21" name="Tests.QueueDetails" time="70.455" errors="0" timestamp="2025-01-11T11:41:05 CST" skipped="0">
  <testcase classname="Tests.QueueDetails" name="Valid_code_on_try_editor_runs_successfully" time="3.396"/>
  <system-out/>
  <testcase classname="Tests.QueueDetails" name="Valid_code_on_try_editor_runs_successfully" time="3.805"/>
  <system-out/>
  <testcase classname="Tests.QueueDetails" name="Error_message_displayed_for_invalid_code_on_try_Editor" time="3.756"/>
  <system-out/>
  <testcase classname="Tests.QueueDetails" name="Valid_code_on_try_editor_runs_successfully" time="3.932"/>
  <system-out/>
  <testcase classname="Tests.QueueDetails" name="Error_message_displayed_for_invalid_code_on_try_Editor" time="6.163"/>
  <system-out/>
  <testcase classname="Tests.QueueDetails" name="Validate_user_can_navigate_to_Implementations_of_Queue_in_Python" time="2.753"/>
  <system-out/>
  <testcase classname="Tests.QueueDetails" name="No_error_message_displayed_for_empty_code_on_try_editor" time="3.275"/>
  <system-out/>
  <testcase classname="Tests.QueueDetails" name="Validate_user_can_open_try_editor_page_from_Implementation_of_Queue_in_python" time="2.945"/>
  <system-out/>
  <testcase classname="Tests.QueueDetails" name="Valid_code_on_try_editor_runs_successfully" time="3.271"/>
  <system-out/>
  <testcase classname="Tests.QueueDetails" name="Validate_user_can_open_try_editor_page_from_queue_operations" time="3.187"/>
  <system-out/>
  <testcase classname="Tests.QueueDetails" name="Validate_user_can_navigate_to_Implementation_using_collections_deque" time="2.757"/>
  <system-out/>
  <testcase classname="Tests.QueueDetails" name="No_error_message_displayed_for_empty_code_on_try_editor" time="3.292"/>
  <system-out/>
  <testcase classname="Tests.QueueDetails" name="No_error_message_displayed_for_empty_code_on_try_editor" time="3.367"/>
  <system-out/>
  <testcase classname="Tests.QueueDetails" name="No_error_message_displayed_for_empty_code_on_try_editor" time="3.347"/>
  <system-out/>
  <testcase classname="Tests.QueueDetails" name="Validate_user_can_open_try_editor_page_from_implementation_using_array" time="3.023"/>
  <system-out/>
  <testcase classname="Tests.QueueDetails" name="Error_message_displayed_for_invalid_code_on_try_Editor" time="3.331"/>
  <system-out/>
  <testcase classname="Tests.QueueDetails" name="Error_message_displayed_for_invalid_code_on_try_Editor" time="3.790"/>
  <system-out/>
  <testcase classname="Tests.QueueDetails" name="Validate_user_navigated_to_queue_details_page_when_clicked_on_get_started" time="2.326"/>
  <system-out/>
  <testcase classname="Tests.QueueDetails" name="Validate_user_can_navigate_to_implementation_using_array" time="2.984"/>
  <system-out/>
  <testcase classname="Tests.QueueDetails" name="Validate_user_can_open_try_editor_page_from_Implementation_using_collections_deque" time="3.131"/>
  <system-out/>
  <testcase classname="Tests.QueueDetails" name="Validate_user_can_navigate_to_queue_operations_page" time="2.624"/>
  <system-out/>
</testsuite> <!-- Tests.QueueDetails -->
