<?xml version="1.0" encoding="UTF-8"?>
<!-- Generated by org.testng.reporters.JUnitReportReporter -->
<testsuite hostname="Vamshi-SurfacePro" failures="0" tests="16" name="Tests.StackPageTests" time="55.825" errors="0" timestamp="2025-01-11T11:45:59 CST" skipped="0">
  <testcase classname="Tests.StackPageTests" name="Valid_code_on_try_editor_runs_successfully" time="3.549"/>
  <system-out/>
  <testcase classname="Tests.StackPageTests" name="Error_message_displayed_for_invalid_code_on_try_Editor" time="3.720"/>
  <system-out/>
  <testcase classname="Tests.StackPageTests" name="Validate_user_can_navigate_to_Implementation_page" time="2.340"/>
  <system-out/>
  <testcase classname="Tests.StackPageTests" name="No_error_message_displayed_for_empty_code_on_try_editor" time="3.399"/>
  <system-out/>
  <testcase classname="Tests.StackPageTests" name="Validate_user_can_navigate_to_Operations_in_Stack_page" time="2.954"/>
  <system-out/>
  <testcase classname="Tests.StackPageTests" name="Error_message_displayed_for_invalid_code_on_try_Editor" time="3.436"/>
  <system-out/>
  <testcase classname="Tests.StackPageTests" name="Valid_code_on_try_editor_runs_successfully" time="3.113"/>
  <system-out/>
  <testcase classname="Tests.StackPageTests" name="No_error_message_displayed_for_empty_code_on_try_editor" time="3.705"/>
  <system-out/>
  <testcase classname="Tests.StackPageTests" name="Valid_code_on_try_editor_runs_successfully" time="6.537"/>
  <system-out/>
  <testcase classname="Tests.StackPageTests" name="Validate_user_can_navigate_to_Applications_page" time="2.366"/>
  <system-out/>
  <testcase classname="Tests.StackPageTests" name="Validate_user_navigated_to_stack_details_page_when_clicked_on_get_started" time="2.567"/>
  <system-out/>
  <testcase classname="Tests.StackPageTests" name="Validate_user_can_click_on_Try_here_link_from_Applications_page" time="4.326"/>
  <system-out/>
  <testcase classname="Tests.StackPageTests" name="Validate_user_can_click_on_Try_here_link_from_Implementation_page" time="2.690"/>
  <system-out/>
  <testcase classname="Tests.StackPageTests" name="No_error_message_displayed_for_empty_code_on_try_editor" time="2.997"/>
  <system-out/>
  <testcase classname="Tests.StackPageTests" name="Error_message_displayed_for_invalid_code_on_try_Editor" time="4.479"/>
  <system-out/>
  <testcase classname="Tests.StackPageTests" name="Validate_user_can_Try_here_link_page_from_Operations_in_Stack" time="3.647"/>
  <system-out/>
</testsuite> <!-- Tests.StackPageTests -->
