<?xml version="1.0" encoding="UTF-8"?>
<!-- Generated by org.testng.reporters.JUnitReportReporter -->
<testsuite hostname="Vamshi-SurfacePro" failures="0" tests="6" name="Tests.LoginTestNav" time="14.509" errors="0" timestamp="2025-01-05T19:34:24 CST" skipped="0">
  <testcase classname="Tests.LoginTestNav" name="DS_Algo_Sign_in_Page__with_blank_username" time="4.478"/>
  <system-out/>
  <testcase classname="Tests.LoginTestNav" name="DS_Algo_Sign_in_Page_with_invalid_username_and_password" time="1.712"/>
  <system-out/>
  <testcase classname="Tests.LoginTestNav" name="DS_Algo_Sign_in_Page__with_valid_username_and_Valid_password" time="1.991"/>
  <system-out/>
  <testcase classname="Tests.LoginTestNav" name="DS_Algo_Sign_in_Page_with_valid_username_and_invalid_password" time="1.836"/>
  <system-out/>
  <testcase classname="Tests.LoginTestNav" name="DS_Algo_Sign_in_Page_with_blank_password" time="1.362"/>
  <system-out/>
  <testcase classname="Tests.LoginTestNav" name="DS_Algo_Sign_in_Page_with_blank_info" time="3.130"/>
  <system-out/>
</testsuite> <!-- Tests.LoginTestNav -->
