<?xml version="1.0" encoding="UTF-8"?>
<!-- Generated by org.testng.reporters.JUnitReportReporter -->
<testsuite hostname="Vamshi-SurfacePro" failures="0" tests="1" name="Tests.LinkedListTestCases" time="5.459" errors="0" timestamp="2025-01-11T12:30:31 CST" skipped="0">
  <testcase classname="Tests.LinkedListTestCases" name="LL_TC_02_validate_Clicking_LinkedList_from_Dropdown" time="5.459"/>
  <system-out/>
</testsuite> <!-- Tests.LinkedListTestCases -->
