<?xml version="1.0" encoding="UTF-8"?>
<!-- Generated by org.testng.reporters.JUnitReportReporter -->
<testsuite hostname="TwinKalRock" failures="0" tests="5" name="Tests.HomePageTests" time="5.836" errors="0" timestamp="2024-11-27T11:31:45 CST" skipped="0">
  <testcase classname="Tests.HomePageTests" name="validate_the_DS_dropdown_without_signIN" time="1.042"/>
  <system-out/>
  <testcase classname="Tests.HomePageTests" name="Validate_user_lands_on_default_home_page" time="1.105"/>
  <system-out/>
  <testcase classname="Tests.HomePageTests" name="Validate_user_navigate_to_DS_Intro_Page" time="1.523"/>
  <system-out/>
  <testcase classname="Tests.HomePageTests" name="verify_warning_message_when_user_navigate_to_DS_details_page_without_signIn" time="1.182"/>
  <system-out/>
  <testcase classname="Tests.HomePageTests" name="validate_user_lands_on_register_page_when_clicked_on_register" time="0.984"/>
  <system-out/>
</testsuite> <!-- Tests.HomePageTests -->
